<?xml version="1.0" encoding="UTF-8"?>
<testsuite xmlns:xsi="http://www.w3.org/2001/XMLSchema-instance" xsi:noNamespaceSchemaLocation="https://maven.apache.org/surefire/maven-surefire-plugin/xsd/surefire-test-report.xsd" name="com.web.blog.repository.JokesRepositoryIntegrationTest" time="25.446" tests="2" errors="0" skipped="0" failures="1">
  <properties>
    <property name="awt.toolkit" value="sun.awt.X11.XToolkit"/>
    <property name="file.encoding.pkg" value="sun.io"/>
    <property name="java.specification.version" value="1.8"/>
    <property name="sun.cpu.isalist" value=""/>
    <property name="sun.jnu.encoding" value="ANSI_X3.4-1968"/>
    <property name="java.class.path" value="/home/banan/eclipse-workspace/blog/target/test-classes:/home/banan/eclipse-workspace/blog/target/classes:/home/banan/.m2/repository/org/springframework/boot/spring-boot-devtools/2.1.4.RELEASE/spring-boot-devtools-2.1.4.RELEASE.jar:/home/banan/.m2/repository/org/springframework/boot/spring-boot/2.1.4.RELEASE/spring-boot-2.1.4.RELEASE.jar:/home/banan/.m2/repository/org/springframework/boot/spring-boot-autoconfigure/2.1.4.RELEASE/spring-boot-autoconfigure-2.1.4.RELEASE.jar:/home/banan/.m2/repository/org/webjars/bootstrap/3.3.7/bootstrap-3.3.7.jar:/home/banan/.m2/repository/org/webjars/jquery/1.11.1/jquery-1.11.1.jar:/home/banan/.m2/repository/org/springframework/boot/spring-boot-starter-thymeleaf/2.1.4.RELEASE/spring-boot-starter-thymeleaf-2.1.4.RELEASE.jar:/home/banan/.m2/repository/org/springframework/boot/spring-boot-starter/2.1.4.RELEASE/spring-boot-starter-2.1.4.RELEASE.jar:/home/banan/.m2/repository/org/springframework/boot/spring-boot-starter-logging/2.1.4.RELEASE/spring-boot-starter-logging-2.1.4.RELEASE.jar:/home/banan/.m2/repository/ch/qos/logback/logback-classic/1.2.3/logback-classic-1.2.3.jar:/home/banan/.m2/repository/ch/qos/logback/logback-core/1.2.3/logback-core-1.2.3.jar:/home/banan/.m2/repository/org/apache/logging/log4j/log4j-to-slf4j/2.11.2/log4j-to-slf4j-2.11.2.jar:/home/banan/.m2/repository/org/apache/logging/log4j/log4j-api/2.11.2/log4j-api-2.11.2.jar:/home/banan/.m2/repository/org/slf4j/jul-to-slf4j/1.7.26/jul-to-slf4j-1.7.26.jar:/home/banan/.m2/repository/javax/annotation/javax.annotation-api/1.3.2/javax.annotation-api-1.3.2.jar:/home/banan/.m2/repository/org/thymeleaf/thymeleaf-spring5/3.0.11.RELEASE/thymeleaf-spring5-3.0.11.RELEASE.jar:/home/banan/.m2/repository/org/thymeleaf/thymeleaf/3.0.11.RELEASE/thymeleaf-3.0.11.RELEASE.jar:/home/banan/.m2/repository/org/attoparser/attoparser/2.0.5.RELEASE/attoparser-2.0.5.RELEASE.jar:/home/banan/.m2/repository/org/unbescape/unbescape/1.1.6.RELEASE/unbescape-1.1.6.RELEASE.jar:/home/banan/.m2/repository/org/thymeleaf/extras/thymeleaf-extras-java8time/3.0.4.RELEASE/thymeleaf-extras-java8time-3.0.4.RELEASE.jar:/home/banan/.m2/repository/org/thymeleaf/extras/thymeleaf-extras-springsecurity5/3.0.4.RELEASE/thymeleaf-extras-springsecurity5-3.0.4.RELEASE.jar:/home/banan/.m2/repository/org/slf4j/slf4j-api/1.7.26/slf4j-api-1.7.26.jar:/home/banan/.m2/repository/org/springframework/boot/spring-boot-starter-web/2.1.4.RELEASE/spring-boot-starter-web-2.1.4.RELEASE.jar:/home/banan/.m2/repository/org/springframework/boot/spring-boot-starter-json/2.1.4.RELEASE/spring-boot-starter-json-2.1.4.RELEASE.jar:/home/banan/.m2/repository/com/fasterxml/jackson/datatype/jackson-datatype-jdk8/2.9.8/jackson-datatype-jdk8-2.9.8.jar:/home/banan/.m2/repository/com/fasterxml/jackson/datatype/jackson-datatype-jsr310/2.9.8/jackson-datatype-jsr310-2.9.8.jar:/home/banan/.m2/repository/com/fasterxml/jackson/module/jackson-module-parameter-names/2.9.8/jackson-module-parameter-names-2.9.8.jar:/home/banan/.m2/repository/org/springframework/boot/spring-boot-starter-tomcat/2.1.4.RELEASE/spring-boot-starter-tomcat-2.1.4.RELEASE.jar:/home/banan/.m2/repository/org/apache/tomcat/embed/tomcat-embed-core/9.0.17/tomcat-embed-core-9.0.17.jar:/home/banan/.m2/repository/org/apache/tomcat/embed/tomcat-embed-el/9.0.17/tomcat-embed-el-9.0.17.jar:/home/banan/.m2/repository/org/apache/tomcat/embed/tomcat-embed-websocket/9.0.17/tomcat-embed-websocket-9.0.17.jar:/home/banan/.m2/repository/org/hibernate/validator/hibernate-validator/6.0.16.Final/hibernate-validator-6.0.16.Final.jar:/home/banan/.m2/repository/org/springframework/spring-web/5.1.6.RELEASE/spring-web-5.1.6.RELEASE.jar:/home/banan/.m2/repository/org/springframework/spring-webmvc/5.1.6.RELEASE/spring-webmvc-5.1.6.RELEASE.jar:/home/banan/.m2/repository/org/springframework/spring-expression/5.1.6.RELEASE/spring-expression-5.1.6.RELEASE.jar:/home/banan/.m2/repository/com/datastax/cassandra/cassandra-driver-mapping/3.7.2/cassandra-driver-mapping-3.7.2.jar:/home/banan/.m2/repository/com/datastax/cassandra/cassandra-driver-core/3.6.0/cassandra-driver-core-3.6.0.jar:/home/banan/.m2/repository/com/github/jnr/jnr-ffi/2.1.7/jnr-ffi-2.1.7.jar:/home/banan/.m2/repository/com/github/jnr/jffi/1.2.16/jffi-1.2.16.jar:/home/banan/.m2/repository/com/github/jnr/jffi/1.2.16/jffi-1.2.16-native.jar:/home/banan/.m2/repository/org/ow2/asm/asm/5.0.3/asm-5.0.3.jar:/home/banan/.m2/repository/org/ow2/asm/asm-commons/5.0.3/asm-commons-5.0.3.jar:/home/banan/.m2/repository/org/ow2/asm/asm-analysis/5.0.3/asm-analysis-5.0.3.jar:/home/banan/.m2/repository/org/ow2/asm/asm-tree/5.0.3/asm-tree-5.0.3.jar:/home/banan/.m2/repository/org/ow2/asm/asm-util/5.0.3/asm-util-5.0.3.jar:/home/banan/.m2/repository/com/github/jnr/jnr-x86asm/1.0.2/jnr-x86asm-1.0.2.jar:/home/banan/.m2/repository/com/github/jnr/jnr-posix/3.0.44/jnr-posix-3.0.44.jar:/home/banan/.m2/repository/com/github/jnr/jnr-constants/0.9.9/jnr-constants-0.9.9.jar:/home/banan/.m2/repository/com/google/guava/guava/19.0/guava-19.0.jar:/home/banan/.m2/repository/org/springframework/boot/spring-boot-starter-data-cassandra/2.1.4.RELEASE/spring-boot-starter-data-cassandra-2.1.4.RELEASE.jar:/home/banan/.m2/repository/org/springframework/spring-tx/5.1.6.RELEASE/spring-tx-5.1.6.RELEASE.jar:/home/banan/.m2/repository/org/springframework/data/spring-data-cassandra/2.1.6.RELEASE/spring-data-cassandra-2.1.6.RELEASE.jar:/home/banan/.m2/repository/org/cassandraunit/cassandra-unit-spring/2.1.9.2/cassandra-unit-spring-2.1.9.2.jar:/home/banan/.m2/repository/org/springframework/spring-context/5.1.6.RELEASE/spring-context-5.1.6.RELEASE.jar:/home/banan/.m2/repository/org/springframework/spring-test/5.1.6.RELEASE/spring-test-5.1.6.RELEASE.jar:/home/banan/.m2/repository/org/hamcrest/hamcrest-core/1.3/hamcrest-core-1.3.jar:/home/banan/.m2/repository/org/hamcrest/hamcrest-library/1.3/hamcrest-library-1.3.jar:/home/banan/.m2/repository/org/cassandraunit/cassandra-unit-shaded/2.1.9.2/cassandra-unit-shaded-2.1.9.2.jar:/home/banan/.m2/repository/junit/junit/4.12/junit-4.12.jar:/home/banan/.m2/repository/org/xerial/snappy/snappy-java/1.0.5/snappy-java-1.0.5.jar:/home/banan/.m2/repository/net/jpountz/lz4/lz4/1.2.0/lz4-1.2.0.jar:/home/banan/.m2/repository/com/ning/compress-lzf/0.8.4/compress-lzf-0.8.4.jar:/home/banan/.m2/repository/commons-cli/commons-cli/1.1/commons-cli-1.1.jar:/home/banan/.m2/repository/commons-codec/commons-codec/1.11/commons-codec-1.11.jar:/home/banan/.m2/repository/org/apache/commons/commons-math3/3.2/commons-math3-3.2.jar:/home/banan/.m2/repository/com/googlecode/concurrentlinkedhashmap/concurrentlinkedhashmap-lru/1.3/concurrentlinkedhashmap-lru-1.3.jar:/home/banan/.m2/repository/jline/jline/1.0/jline-1.0.jar:/home/banan/.m2/repository/com/googlecode/json-simple/json-simple/1.1/json-simple-1.1.jar:/home/banan/.m2/repository/com/boundary/high-scale-lib/1.0.6/high-scale-lib-1.0.6.jar:/home/banan/.m2/repository/org/yaml/snakeyaml/1.23/snakeyaml-1.23.jar:/home/banan/.m2/repository/org/mindrot/jbcrypt/0.3m/jbcrypt-0.3m.jar:/home/banan/.m2/repository/com/thinkaurelius/thrift/thrift-server/0.3.7/thrift-server-0.3.7.jar:/home/banan/.m2/repository/com/lmax/disruptor/3.0.1/disruptor-3.0.1.jar:/home/banan/.m2/repository/com/clearspring/analytics/stream/2.5.2/stream-2.5.2.jar:/home/banan/.m2/repository/it/unimi/dsi/fastutil/6.5.7/fastutil-6.5.7.jar:/home/banan/.m2/repository/net/sf/supercsv/super-csv/2.1.0/super-csv-2.1.0.jar:/home/banan/.m2/repository/org/apache/thrift/libthrift/0.9.2/libthrift-0.9.2.jar:/home/banan/.m2/repository/net/java/dev/jna/jna/4.5.2/jna-4.5.2.jar:/home/banan/.m2/repository/com/github/jbellis/jamm/0.3.0/jamm-0.3.0.jar:/home/banan/.m2/repository/org/apache/commons/commons-lang3/3.8.1/commons-lang3-3.8.1.jar:/home/banan/.m2/repository/org/hectorclient/hector-core/2.0-0/hector-core-2.0-0.jar:/home/banan/.m2/repository/commons-lang/commons-lang/2.4/commons-lang-2.4.jar:/home/banan/.m2/repository/commons-pool/commons-pool/1.6/commons-pool-1.6.jar:/home/banan/.m2/repository/org/apache/cassandra/cassandra-thrift/2.0.4/cassandra-thrift-2.0.4.jar:/home/banan/.m2/repository/com/github/stephenc/eaio-uuid/uuid/3.2.0/uuid-3.2.0.jar:/home/banan/.m2/repository/com/ecyrd/speed4j/speed4j/0.9/speed4j-0.9.jar:/home/banan/.m2/repository/com/yammer/metrics/metrics-core/2.2.0/metrics-core-2.2.0.jar:/home/banan/.m2/repository/commons-io/commons-io/2.6/commons-io-2.6.jar:/home/banan/.m2/repository/org/apache/poi/poi-ooxml/4.1.0/poi-ooxml-4.1.0.jar:/home/banan/.m2/repository/org/apache/poi/poi/4.1.0/poi-4.1.0.jar:/home/banan/.m2/repository/org/apache/commons/commons-collections4/4.3/commons-collections4-4.3.jar:/home/banan/.m2/repository/org/apache/poi/poi-ooxml-schemas/4.1.0/poi-ooxml-schemas-4.1.0.jar:/home/banan/.m2/repository/org/apache/xmlbeans/xmlbeans/3.1.0/xmlbeans-3.1.0.jar:/home/banan/.m2/repository/org/apache/commons/commons-compress/1.18/commons-compress-1.18.jar:/home/banan/.m2/repository/com/github/virtuald/curvesapi/1.06/curvesapi-1.06.jar:/home/banan/.m2/repository/org/ocpsoft/prettytime/prettytime/4.0.2.Final/prettytime-4.0.2.Final.jar:/home/banan/.m2/repository/org/hibernate/ogm/hibernate-ogm-redis/5.1.0.Final/hibernate-ogm-redis-5.1.0.Final.jar:/home/banan/.m2/repository/org/hibernate/ogm/hibernate-ogm-core/5.1.0.Final/hibernate-ogm-core-5.1.0.Final.jar:/home/banan/.m2/repository/org/hibernate/hibernate-core/5.3.9.Final/hibernate-core-5.3.9.Final.jar:/home/banan/.m2/repository/javax/persistence/javax.persistence-api/2.2/javax.persistence-api-2.2.jar:/home/banan/.m2/repository/org/jboss/spec/javax/transaction/jboss-transaction-api_1.2_spec/1.1.1.Final/jboss-transaction-api_1.2_spec-1.1.1.Final.jar:/home/banan/.m2/repository/org/jboss/jandex/2.0.5.Final/jandex-2.0.5.Final.jar:/home/banan/.m2/repository/javax/activation/javax.activation-api/1.2.0/javax.activation-api-1.2.0.jar:/home/banan/.m2/repository/org/dom4j/dom4j/2.1.1/dom4j-2.1.1.jar:/home/banan/.m2/repository/org/hibernate/hibernate-entitymanager/5.3.9.Final/hibernate-entitymanager-5.3.9.Final.jar:/home/banan/.m2/repository/org/hibernate/common/hibernate-commons-annotations/5.0.1.Final/hibernate-commons-annotations-5.0.1.Final.jar:/home/banan/.m2/repository/org/hibernate/hql/hibernate-hql-parser/1.4.0.Final/hibernate-hql-parser-1.4.0.Final.jar:/home/banan/.m2/repository/org/javassist/javassist/3.18.1-GA/javassist-3.18.1-GA.jar:/home/banan/.m2/repository/org/hibernate/hql/hibernate-hql-lucene/1.4.0.Final/hibernate-hql-lucene-1.4.0.Final.jar:/home/banan/.m2/repository/org/hibernate/hibernate-search-engine/5.6.0.Final/hibernate-search-engine-5.6.0.Final.jar:/home/banan/.m2/repository/org/apache/lucene/lucene-core/5.5.2/lucene-core-5.5.2.jar:/home/banan/.m2/repository/org/apache/lucene/lucene-misc/5.5.2/lucene-misc-5.5.2.jar:/home/banan/.m2/repository/org/apache/lucene/lucene-analyzers-common/5.5.2/lucene-analyzers-common-5.5.2.jar:/home/banan/.m2/repository/org/apache/lucene/lucene-facet/5.5.2/lucene-facet-5.5.2.jar:/home/banan/.m2/repository/org/apache/lucene/lucene-queries/5.5.2/lucene-queries-5.5.2.jar:/home/banan/.m2/repository/org/hibernate/javax/persistence/hibernate-jpa-2.1-api/1.0.0.Final/hibernate-jpa-2.1-api-1.0.0.Final.jar:/home/banan/.m2/repository/org/hibernate/hibernate-search-orm/5.6.1.Final/hibernate-search-orm-5.6.1.Final.jar:/home/banan/.m2/repository/biz/paluch/redis/lettuce/4.2.1.Final/lettuce-4.2.1.Final.jar:/home/banan/.m2/repository/io/reactivex/rxjava/1.3.8/rxjava-1.3.8.jar:/home/banan/.m2/repository/org/apache/commons/commons-pool2/2.6.1/commons-pool2-2.6.1.jar:/home/banan/.m2/repository/io/netty/netty-handler/4.1.34.Final/netty-handler-4.1.34.Final.jar:/home/banan/.m2/repository/io/netty/netty-buffer/4.1.34.Final/netty-buffer-4.1.34.Final.jar:/home/banan/.m2/repository/io/netty/netty-codec/4.1.34.Final/netty-codec-4.1.34.Final.jar:/home/banan/.m2/repository/io/netty/netty-common/4.1.34.Final/netty-common-4.1.34.Final.jar:/home/banan/.m2/repository/io/netty/netty-transport/4.1.34.Final/netty-transport-4.1.34.Final.jar:/home/banan/.m2/repository/io/netty/netty-resolver/4.1.34.Final/netty-resolver-4.1.34.Final.jar:/home/banan/.m2/repository/com/fasterxml/jackson/core/jackson-annotations/2.9.0/jackson-annotations-2.9.0.jar:/home/banan/.m2/repository/com/fasterxml/jackson/core/jackson-databind/2.9.8/jackson-databind-2.9.8.jar:/home/banan/.m2/repository/com/fasterxml/jackson/core/jackson-core/2.9.8/jackson-core-2.9.8.jar:/home/banan/.m2/repository/org/springframework/boot/spring-boot-starter-data-redis/2.1.4.RELEASE/spring-boot-starter-data-redis-2.1.4.RELEASE.jar:/home/banan/.m2/repository/org/springframework/data/spring-data-redis/2.1.6.RELEASE/spring-data-redis-2.1.6.RELEASE.jar:/home/banan/.m2/repository/org/springframework/data/spring-data-keyvalue/2.1.6.RELEASE/spring-data-keyvalue-2.1.6.RELEASE.jar:/home/banan/.m2/repository/org/springframework/spring-oxm/5.1.6.RELEASE/spring-oxm-5.1.6.RELEASE.jar:/home/banan/.m2/repository/org/springframework/spring-context-support/5.1.6.RELEASE/spring-context-support-5.1.6.RELEASE.jar:/home/banan/.m2/repository/io/lettuce/lettuce-core/5.1.6.RELEASE/lettuce-core-5.1.6.RELEASE.jar:/home/banan/.m2/repository/io/projectreactor/reactor-core/3.2.8.RELEASE/reactor-core-3.2.8.RELEASE.jar:/home/banan/.m2/repository/org/reactivestreams/reactive-streams/1.0.2/reactive-streams-1.0.2.jar:/home/banan/.m2/repository/redis/clients/jedis/2.9.3/jedis-2.9.3.jar:/home/banan/.m2/repository/org/jboss/narayana/jta/narayana-jta/5.9.2.Final/narayana-jta-5.9.2.Final.jar:/home/banan/.m2/repository/org/jboss/jboss-transaction-spi/7.6.0.Final/jboss-transaction-spi-7.6.0.Final.jar:/home/banan/.m2/repository/org/jboss/spec/javax/resource/jboss-connector-api_1.7_spec/1.0.0.Final/jboss-connector-api_1.7_spec-1.0.0.Final.jar:/home/banan/.m2/repository/org/docx4j/docx4j/3.1.0/docx4j-3.1.0.jar:/home/banan/.m2/repository/org/plutext/jaxb-svg11/1.0.2/jaxb-svg11-1.0.2.jar:/home/banan/.m2/repository/org/plutext/jaxb-xslfo/1.0.1/jaxb-xslfo-1.0.1.jar:/home/banan/.m2/repository/org/plutext/jaxb-xmldsig-core/1.0.0/jaxb-xmldsig-core-1.0.0.jar:/home/banan/.m2/repository/net/engio/mbassador/1.1.10/mbassador-1.1.10.jar:/home/banan/.m2/repository/org/apache/xmlgraphics/xmlgraphics-commons/1.5/xmlgraphics-commons-1.5.jar:/home/banan/.m2/repository/org/apache/xmlgraphics/fop/1.1/fop-1.1.jar:/home/banan/.m2/repository/org/apache/xmlgraphics/batik-svg-dom/1.7/batik-svg-dom-1.7.jar:/home/banan/.m2/repository/org/apache/xmlgraphics/batik-anim/1.7/batik-anim-1.7.jar:/home/banan/.m2/repository/org/apache/xmlgraphics/batik-css/1.7/batik-css-1.7.jar:/home/banan/.m2/repository/org/apache/xmlgraphics/batik-dom/1.7/batik-dom-1.7.jar:/home/banan/.m2/repository/org/apache/xmlgraphics/batik-parser/1.7/batik-parser-1.7.jar:/home/banan/.m2/repository/org/apache/xmlgraphics/batik-util/1.7/batik-util-1.7.jar:/home/banan/.m2/repository/org/apache/xmlgraphics/batik-bridge/1.7/batik-bridge-1.7.jar:/home/banan/.m2/repository/org/apache/xmlgraphics/batik-script/1.7/batik-script-1.7.jar:/home/banan/.m2/repository/org/apache/xmlgraphics/batik-js/1.7/batik-js-1.7.jar:/home/banan/.m2/repository/org/apache/xmlgraphics/batik-xml/1.7/batik-xml-1.7.jar:/home/banan/.m2/repository/org/apache/xmlgraphics/batik-awt-util/1.7/batik-awt-util-1.7.jar:/home/banan/.m2/repository/org/apache/xmlgraphics/batik-gvt/1.7/batik-gvt-1.7.jar:/home/banan/.m2/repository/org/apache/xmlgraphics/batik-transcoder/1.7/batik-transcoder-1.7.jar:/home/banan/.m2/repository/org/apache/xmlgraphics/batik-svggen/1.7/batik-svggen-1.7.jar:/home/banan/.m2/repository/org/apache/xmlgraphics/batik-extension/1.7/batik-extension-1.7.jar:/home/banan/.m2/repository/org/apache/xmlgraphics/batik-ext/1.7/batik-ext-1.7.jar:/home/banan/.m2/repository/commons-logging/commons-logging/1.1.1/commons-logging-1.1.1.jar:/home/banan/.m2/repository/org/apache/avalon/framework/avalon-framework-api/4.3.1/avalon-framework-api-4.3.1.jar:/home/banan/.m2/repository/org/apache/avalon/framework/avalon-framework-impl/4.3.1/avalon-framework-impl-4.3.1.jar:/home/banan/.m2/repository/xalan/xalan/2.7.1/xalan-2.7.1.jar:/home/banan/.m2/repository/xalan/serializer/2.7.1/serializer-2.7.1.jar:/home/banan/.m2/repository/net/arnx/wmf2svg/0.9.0/wmf2svg-0.9.0.jar:/home/banan/.m2/repository/org/apache/poi/poi-scratchpad/3.8/poi-scratchpad-3.8.jar:/home/banan/.m2/repository/org/antlr/antlr-runtime/3.3/antlr-runtime-3.3.jar:/home/banan/.m2/repository/org/antlr/stringtemplate/3.2.1/stringtemplate-3.2.1.jar:/home/banan/.m2/repository/antlr/antlr/2.7.7/antlr-2.7.7.jar:/home/banan/.m2/repository/javax/xml/bind/jaxb-api/2.1/jaxb-api-2.1.jar:/home/banan/.m2/repository/javax/xml/stream/stax-api/1.0-2/stax-api-1.0-2.jar:/home/banan/.m2/repository/javax/activation/activation/1.1/activation-1.1.jar:/home/banan/.m2/repository/commons-fileupload/commons-fileupload/1.3.1/commons-fileupload-1.3.1.jar:/home/banan/.m2/repository/org/hibernate/hibernate-validator/5.3.1.Final/hibernate-validator-5.3.1.Final.jar:/home/banan/.m2/repository/javax/validation/validation-api/2.0.1.Final/validation-api-2.0.1.Final.jar:/home/banan/.m2/repository/org/jboss/logging/jboss-logging/3.3.2.Final/jboss-logging-3.3.2.Final.jar:/home/banan/.m2/repository/com/fasterxml/classmate/1.4.0/classmate-1.4.0.jar:/home/banan/.m2/repository/org/springframework/data/spring-data-jpa/2.1.9.RELEASE/spring-data-jpa-2.1.9.RELEASE.jar:/home/banan/.m2/repository/org/springframework/data/spring-data-commons/2.1.6.RELEASE/spring-data-commons-2.1.6.RELEASE.jar:/home/banan/.m2/repository/org/springframework/spring-orm/5.1.6.RELEASE/spring-orm-5.1.6.RELEASE.jar:/home/banan/.m2/repository/org/springframework/spring-jdbc/5.1.6.RELEASE/spring-jdbc-5.1.6.RELEASE.jar:/home/banan/.m2/repository/org/springframework/spring-aop/5.1.6.RELEASE/spring-aop-5.1.6.RELEASE.jar:/home/banan/.m2/repository/org/springframework/spring-beans/5.1.6.RELEASE/spring-beans-5.1.6.RELEASE.jar:/home/banan/.m2/repository/org/springframework/spring-core/5.1.6.RELEASE/spring-core-5.1.6.RELEASE.jar:/home/banan/.m2/repository/org/springframework/spring-jcl/5.1.6.RELEASE/spring-jcl-5.1.6.RELEASE.jar:/home/banan/.m2/repository/org/aspectj/aspectjrt/1.9.2/aspectjrt-1.9.2.jar:/home/banan/.m2/repository/io/dropwizard/metrics/metrics-jmx/4.0.2/metrics-jmx-4.0.2.jar:/home/banan/.m2/repository/io/dropwizard/metrics/metrics-core/4.0.5/metrics-core-4.0.5.jar:/home/banan/.m2/repository/org/projectlombok/lombok/1.18.6/lombok-1.18.6.jar:/home/banan/.m2/repository/org/springframework/boot/spring-boot-starter-test/2.1.4.RELEASE/spring-boot-starter-test-2.1.4.RELEASE.jar:/home/banan/.m2/repository/org/springframework/boot/spring-boot-test/2.1.4.RELEASE/spring-boot-test-2.1.4.RELEASE.jar:/home/banan/.m2/repository/org/springframework/boot/spring-boot-test-autoconfigure/2.1.4.RELEASE/spring-boot-test-autoconfigure-2.1.4.RELEASE.jar:/home/banan/.m2/repository/com/jayway/jsonpath/json-path/2.4.0/json-path-2.4.0.jar:/home/banan/.m2/repository/net/minidev/json-smart/2.3/json-smart-2.3.jar:/home/banan/.m2/repository/net/minidev/accessors-smart/1.2/accessors-smart-1.2.jar:/home/banan/.m2/repository/org/assertj/assertj-core/3.11.1/assertj-core-3.11.1.jar:/home/banan/.m2/repository/org/mockito/mockito-core/2.23.4/mockito-core-2.23.4.jar:/home/banan/.m2/repository/net/bytebuddy/byte-buddy/1.9.12/byte-buddy-1.9.12.jar:/home/banan/.m2/repository/net/bytebuddy/byte-buddy-agent/1.9.12/byte-buddy-agent-1.9.12.jar:/home/banan/.m2/repository/org/objenesis/objenesis/2.6/objenesis-2.6.jar:/home/banan/.m2/repository/org/skyscreamer/jsonassert/1.5.0/jsonassert-1.5.0.jar:/home/banan/.m2/repository/com/vaadin/external/google/android-json/0.0.20131108.vaadin1/android-json-0.0.20131108.vaadin1.jar:/home/banan/.m2/repository/org/xmlunit/xmlunit-core/2.6.2/xmlunit-core-2.6.2.jar:/home/banan/.m2/repository/org/springframework/boot/spring-boot-starter-security/2.1.4.RELEASE/spring-boot-starter-security-2.1.4.RELEASE.jar:/home/banan/.m2/repository/org/springframework/security/spring-security-config/5.1.5.RELEASE/spring-security-config-5.1.5.RELEASE.jar:/home/banan/.m2/repository/org/springframework/security/spring-security-core/5.1.5.RELEASE/spring-security-core-5.1.5.RELEASE.jar:/home/banan/.m2/repository/org/springframework/security/spring-security-web/5.1.5.RELEASE/spring-security-web-5.1.5.RELEASE.jar:"/>
    <property name="java.vm.vendor" value="Oracle Corporation"/>
    <property name="sun.arch.data.model" value="64"/>
    <property name="java.vendor.url" value="http://java.oracle.com/"/>
    <property name="user.timezone" value=""/>
    <property name="java.vm.specification.version" value="1.8"/>
    <property name="os.name" value="Linux"/>
    <property name="user.country" value="US"/>
    <property name="sun.java.launcher" value="SUN_STANDARD"/>
    <property name="sun.boot.library.path" value="/usr/lib/jvm/java-8-openjdk/jre/lib/amd64"/>
    <property name="sun.java.command" value="/home/banan/eclipse-workspace/blog/target/surefire/surefirebooter8783808422804084276.jar /home/banan/eclipse-workspace/blog/target/surefire 2019-07-16T19-40-16_728-jvmRun1 surefire7443172873609222219tmp surefire_08851767865197704582tmp"/>
    <property name="surefire.test.class.path" value="/home/banan/eclipse-workspace/blog/target/test-classes:/home/banan/eclipse-workspace/blog/target/classes:/home/banan/.m2/repository/org/springframework/boot/spring-boot-devtools/2.1.4.RELEASE/spring-boot-devtools-2.1.4.RELEASE.jar:/home/banan/.m2/repository/org/springframework/boot/spring-boot/2.1.4.RELEASE/spring-boot-2.1.4.RELEASE.jar:/home/banan/.m2/repository/org/springframework/boot/spring-boot-autoconfigure/2.1.4.RELEASE/spring-boot-autoconfigure-2.1.4.RELEASE.jar:/home/banan/.m2/repository/org/webjars/bootstrap/3.3.7/bootstrap-3.3.7.jar:/home/banan/.m2/repository/org/webjars/jquery/1.11.1/jquery-1.11.1.jar:/home/banan/.m2/repository/org/springframework/boot/spring-boot-starter-thymeleaf/2.1.4.RELEASE/spring-boot-starter-thymeleaf-2.1.4.RELEASE.jar:/home/banan/.m2/repository/org/springframework/boot/spring-boot-starter/2.1.4.RELEASE/spring-boot-starter-2.1.4.RELEASE.jar:/home/banan/.m2/repository/org/springframework/boot/spring-boot-starter-logging/2.1.4.RELEASE/spring-boot-starter-logging-2.1.4.RELEASE.jar:/home/banan/.m2/repository/ch/qos/logback/logback-classic/1.2.3/logback-classic-1.2.3.jar:/home/banan/.m2/repository/ch/qos/logback/logback-core/1.2.3/logback-core-1.2.3.jar:/home/banan/.m2/repository/org/apache/logging/log4j/log4j-to-slf4j/2.11.2/log4j-to-slf4j-2.11.2.jar:/home/banan/.m2/repository/org/apache/logging/log4j/log4j-api/2.11.2/log4j-api-2.11.2.jar:/home/banan/.m2/repository/org/slf4j/jul-to-slf4j/1.7.26/jul-to-slf4j-1.7.26.jar:/home/banan/.m2/repository/javax/annotation/javax.annotation-api/1.3.2/javax.annotation-api-1.3.2.jar:/home/banan/.m2/repository/org/thymeleaf/thymeleaf-spring5/3.0.11.RELEASE/thymeleaf-spring5-3.0.11.RELEASE.jar:/home/banan/.m2/repository/org/thymeleaf/thymeleaf/3.0.11.RELEASE/thymeleaf-3.0.11.RELEASE.jar:/home/banan/.m2/repository/org/attoparser/attoparser/2.0.5.RELEASE/attoparser-2.0.5.RELEASE.jar:/home/banan/.m2/repository/org/unbescape/unbescape/1.1.6.RELEASE/unbescape-1.1.6.RELEASE.jar:/home/banan/.m2/repository/org/thymeleaf/extras/thymeleaf-extras-java8time/3.0.4.RELEASE/thymeleaf-extras-java8time-3.0.4.RELEASE.jar:/home/banan/.m2/repository/org/thymeleaf/extras/thymeleaf-extras-springsecurity5/3.0.4.RELEASE/thymeleaf-extras-springsecurity5-3.0.4.RELEASE.jar:/home/banan/.m2/repository/org/slf4j/slf4j-api/1.7.26/slf4j-api-1.7.26.jar:/home/banan/.m2/repository/org/springframework/boot/spring-boot-starter-web/2.1.4.RELEASE/spring-boot-starter-web-2.1.4.RELEASE.jar:/home/banan/.m2/repository/org/springframework/boot/spring-boot-starter-json/2.1.4.RELEASE/spring-boot-starter-json-2.1.4.RELEASE.jar:/home/banan/.m2/repository/com/fasterxml/jackson/datatype/jackson-datatype-jdk8/2.9.8/jackson-datatype-jdk8-2.9.8.jar:/home/banan/.m2/repository/com/fasterxml/jackson/datatype/jackson-datatype-jsr310/2.9.8/jackson-datatype-jsr310-2.9.8.jar:/home/banan/.m2/repository/com/fasterxml/jackson/module/jackson-module-parameter-names/2.9.8/jackson-module-parameter-names-2.9.8.jar:/home/banan/.m2/repository/org/springframework/boot/spring-boot-starter-tomcat/2.1.4.RELEASE/spring-boot-starter-tomcat-2.1.4.RELEASE.jar:/home/banan/.m2/repository/org/apache/tomcat/embed/tomcat-embed-core/9.0.17/tomcat-embed-core-9.0.17.jar:/home/banan/.m2/repository/org/apache/tomcat/embed/tomcat-embed-el/9.0.17/tomcat-embed-el-9.0.17.jar:/home/banan/.m2/repository/org/apache/tomcat/embed/tomcat-embed-websocket/9.0.17/tomcat-embed-websocket-9.0.17.jar:/home/banan/.m2/repository/org/hibernate/validator/hibernate-validator/6.0.16.Final/hibernate-validator-6.0.16.Final.jar:/home/banan/.m2/repository/org/springframework/spring-web/5.1.6.RELEASE/spring-web-5.1.6.RELEASE.jar:/home/banan/.m2/repository/org/springframework/spring-webmvc/5.1.6.RELEASE/spring-webmvc-5.1.6.RELEASE.jar:/home/banan/.m2/repository/org/springframework/spring-expression/5.1.6.RELEASE/spring-expression-5.1.6.RELEASE.jar:/home/banan/.m2/repository/com/datastax/cassandra/cassandra-driver-mapping/3.7.2/cassandra-driver-mapping-3.7.2.jar:/home/banan/.m2/repository/com/datastax/cassandra/cassandra-driver-core/3.6.0/cassandra-driver-core-3.6.0.jar:/home/banan/.m2/repository/com/github/jnr/jnr-ffi/2.1.7/jnr-ffi-2.1.7.jar:/home/banan/.m2/repository/com/github/jnr/jffi/1.2.16/jffi-1.2.16.jar:/home/banan/.m2/repository/com/github/jnr/jffi/1.2.16/jffi-1.2.16-native.jar:/home/banan/.m2/repository/org/ow2/asm/asm/5.0.3/asm-5.0.3.jar:/home/banan/.m2/repository/org/ow2/asm/asm-commons/5.0.3/asm-commons-5.0.3.jar:/home/banan/.m2/repository/org/ow2/asm/asm-analysis/5.0.3/asm-analysis-5.0.3.jar:/home/banan/.m2/repository/org/ow2/asm/asm-tree/5.0.3/asm-tree-5.0.3.jar:/home/banan/.m2/repository/org/ow2/asm/asm-util/5.0.3/asm-util-5.0.3.jar:/home/banan/.m2/repository/com/github/jnr/jnr-x86asm/1.0.2/jnr-x86asm-1.0.2.jar:/home/banan/.m2/repository/com/github/jnr/jnr-posix/3.0.44/jnr-posix-3.0.44.jar:/home/banan/.m2/repository/com/github/jnr/jnr-constants/0.9.9/jnr-constants-0.9.9.jar:/home/banan/.m2/repository/com/google/guava/guava/19.0/guava-19.0.jar:/home/banan/.m2/repository/org/springframework/boot/spring-boot-starter-data-cassandra/2.1.4.RELEASE/spring-boot-starter-data-cassandra-2.1.4.RELEASE.jar:/home/banan/.m2/repository/org/springframework/spring-tx/5.1.6.RELEASE/spring-tx-5.1.6.RELEASE.jar:/home/banan/.m2/repository/org/springframework/data/spring-data-cassandra/2.1.6.RELEASE/spring-data-cassandra-2.1.6.RELEASE.jar:/home/banan/.m2/repository/org/cassandraunit/cassandra-unit-spring/2.1.9.2/cassandra-unit-spring-2.1.9.2.jar:/home/banan/.m2/repository/org/springframework/spring-context/5.1.6.RELEASE/spring-context-5.1.6.RELEASE.jar:/home/banan/.m2/repository/org/springframework/spring-test/5.1.6.RELEASE/spring-test-5.1.6.RELEASE.jar:/home/banan/.m2/repository/org/hamcrest/hamcrest-core/1.3/hamcrest-core-1.3.jar:/home/banan/.m2/repository/org/hamcrest/hamcrest-library/1.3/hamcrest-library-1.3.jar:/home/banan/.m2/repository/org/cassandraunit/cassandra-unit-shaded/2.1.9.2/cassandra-unit-shaded-2.1.9.2.jar:/home/banan/.m2/repository/junit/junit/4.12/junit-4.12.jar:/home/banan/.m2/repository/org/xerial/snappy/snappy-java/1.0.5/snappy-java-1.0.5.jar:/home/banan/.m2/repository/net/jpountz/lz4/lz4/1.2.0/lz4-1.2.0.jar:/home/banan/.m2/repository/com/ning/compress-lzf/0.8.4/compress-lzf-0.8.4.jar:/home/banan/.m2/repository/commons-cli/commons-cli/1.1/commons-cli-1.1.jar:/home/banan/.m2/repository/commons-codec/commons-codec/1.11/commons-codec-1.11.jar:/home/banan/.m2/repository/org/apache/commons/commons-math3/3.2/commons-math3-3.2.jar:/home/banan/.m2/repository/com/googlecode/concurrentlinkedhashmap/concurrentlinkedhashmap-lru/1.3/concurrentlinkedhashmap-lru-1.3.jar:/home/banan/.m2/repository/jline/jline/1.0/jline-1.0.jar:/home/banan/.m2/repository/com/googlecode/json-simple/json-simple/1.1/json-simple-1.1.jar:/home/banan/.m2/repository/com/boundary/high-scale-lib/1.0.6/high-scale-lib-1.0.6.jar:/home/banan/.m2/repository/org/yaml/snakeyaml/1.23/snakeyaml-1.23.jar:/home/banan/.m2/repository/org/mindrot/jbcrypt/0.3m/jbcrypt-0.3m.jar:/home/banan/.m2/repository/com/thinkaurelius/thrift/thrift-server/0.3.7/thrift-server-0.3.7.jar:/home/banan/.m2/repository/com/lmax/disruptor/3.0.1/disruptor-3.0.1.jar:/home/banan/.m2/repository/com/clearspring/analytics/stream/2.5.2/stream-2.5.2.jar:/home/banan/.m2/repository/it/unimi/dsi/fastutil/6.5.7/fastutil-6.5.7.jar:/home/banan/.m2/repository/net/sf/supercsv/super-csv/2.1.0/super-csv-2.1.0.jar:/home/banan/.m2/repository/org/apache/thrift/libthrift/0.9.2/libthrift-0.9.2.jar:/home/banan/.m2/repository/net/java/dev/jna/jna/4.5.2/jna-4.5.2.jar:/home/banan/.m2/repository/com/github/jbellis/jamm/0.3.0/jamm-0.3.0.jar:/home/banan/.m2/repository/org/apache/commons/commons-lang3/3.8.1/commons-lang3-3.8.1.jar:/home/banan/.m2/repository/org/hectorclient/hector-core/2.0-0/hector-core-2.0-0.jar:/home/banan/.m2/repository/commons-lang/commons-lang/2.4/commons-lang-2.4.jar:/home/banan/.m2/repository/commons-pool/commons-pool/1.6/commons-pool-1.6.jar:/home/banan/.m2/repository/org/apache/cassandra/cassandra-thrift/2.0.4/cassandra-thrift-2.0.4.jar:/home/banan/.m2/repository/com/github/stephenc/eaio-uuid/uuid/3.2.0/uuid-3.2.0.jar:/home/banan/.m2/repository/com/ecyrd/speed4j/speed4j/0.9/speed4j-0.9.jar:/home/banan/.m2/repository/com/yammer/metrics/metrics-core/2.2.0/metrics-core-2.2.0.jar:/home/banan/.m2/repository/commons-io/commons-io/2.6/commons-io-2.6.jar:/home/banan/.m2/repository/org/apache/poi/poi-ooxml/4.1.0/poi-ooxml-4.1.0.jar:/home/banan/.m2/repository/org/apache/poi/poi/4.1.0/poi-4.1.0.jar:/home/banan/.m2/repository/org/apache/commons/commons-collections4/4.3/commons-collections4-4.3.jar:/home/banan/.m2/repository/org/apache/poi/poi-ooxml-schemas/4.1.0/poi-ooxml-schemas-4.1.0.jar:/home/banan/.m2/repository/org/apache/xmlbeans/xmlbeans/3.1.0/xmlbeans-3.1.0.jar:/home/banan/.m2/repository/org/apache/commons/commons-compress/1.18/commons-compress-1.18.jar:/home/banan/.m2/repository/com/github/virtuald/curvesapi/1.06/curvesapi-1.06.jar:/home/banan/.m2/repository/org/ocpsoft/prettytime/prettytime/4.0.2.Final/prettytime-4.0.2.Final.jar:/home/banan/.m2/repository/org/hibernate/ogm/hibernate-ogm-redis/5.1.0.Final/hibernate-ogm-redis-5.1.0.Final.jar:/home/banan/.m2/repository/org/hibernate/ogm/hibernate-ogm-core/5.1.0.Final/hibernate-ogm-core-5.1.0.Final.jar:/home/banan/.m2/repository/org/hibernate/hibernate-core/5.3.9.Final/hibernate-core-5.3.9.Final.jar:/home/banan/.m2/repository/javax/persistence/javax.persistence-api/2.2/javax.persistence-api-2.2.jar:/home/banan/.m2/repository/org/jboss/spec/javax/transaction/jboss-transaction-api_1.2_spec/1.1.1.Final/jboss-transaction-api_1.2_spec-1.1.1.Final.jar:/home/banan/.m2/repository/org/jboss/jandex/2.0.5.Final/jandex-2.0.5.Final.jar:/home/banan/.m2/repository/javax/activation/javax.activation-api/1.2.0/javax.activation-api-1.2.0.jar:/home/banan/.m2/repository/org/dom4j/dom4j/2.1.1/dom4j-2.1.1.jar:/home/banan/.m2/repository/org/hibernate/hibernate-entitymanager/5.3.9.Final/hibernate-entitymanager-5.3.9.Final.jar:/home/banan/.m2/repository/org/hibernate/common/hibernate-commons-annotations/5.0.1.Final/hibernate-commons-annotations-5.0.1.Final.jar:/home/banan/.m2/repository/org/hibernate/hql/hibernate-hql-parser/1.4.0.Final/hibernate-hql-parser-1.4.0.Final.jar:/home/banan/.m2/repository/org/javassist/javassist/3.18.1-GA/javassist-3.18.1-GA.jar:/home/banan/.m2/repository/org/hibernate/hql/hibernate-hql-lucene/1.4.0.Final/hibernate-hql-lucene-1.4.0.Final.jar:/home/banan/.m2/repository/org/hibernate/hibernate-search-engine/5.6.0.Final/hibernate-search-engine-5.6.0.Final.jar:/home/banan/.m2/repository/org/apache/lucene/lucene-core/5.5.2/lucene-core-5.5.2.jar:/home/banan/.m2/repository/org/apache/lucene/lucene-misc/5.5.2/lucene-misc-5.5.2.jar:/home/banan/.m2/repository/org/apache/lucene/lucene-analyzers-common/5.5.2/lucene-analyzers-common-5.5.2.jar:/home/banan/.m2/repository/org/apache/lucene/lucene-facet/5.5.2/lucene-facet-5.5.2.jar:/home/banan/.m2/repository/org/apache/lucene/lucene-queries/5.5.2/lucene-queries-5.5.2.jar:/home/banan/.m2/repository/org/hibernate/javax/persistence/hibernate-jpa-2.1-api/1.0.0.Final/hibernate-jpa-2.1-api-1.0.0.Final.jar:/home/banan/.m2/repository/org/hibernate/hibernate-search-orm/5.6.1.Final/hibernate-search-orm-5.6.1.Final.jar:/home/banan/.m2/repository/biz/paluch/redis/lettuce/4.2.1.Final/lettuce-4.2.1.Final.jar:/home/banan/.m2/repository/io/reactivex/rxjava/1.3.8/rxjava-1.3.8.jar:/home/banan/.m2/repository/org/apache/commons/commons-pool2/2.6.1/commons-pool2-2.6.1.jar:/home/banan/.m2/repository/io/netty/netty-handler/4.1.34.Final/netty-handler-4.1.34.Final.jar:/home/banan/.m2/repository/io/netty/netty-buffer/4.1.34.Final/netty-buffer-4.1.34.Final.jar:/home/banan/.m2/repository/io/netty/netty-codec/4.1.34.Final/netty-codec-4.1.34.Final.jar:/home/banan/.m2/repository/io/netty/netty-common/4.1.34.Final/netty-common-4.1.34.Final.jar:/home/banan/.m2/repository/io/netty/netty-transport/4.1.34.Final/netty-transport-4.1.34.Final.jar:/home/banan/.m2/repository/io/netty/netty-resolver/4.1.34.Final/netty-resolver-4.1.34.Final.jar:/home/banan/.m2/repository/com/fasterxml/jackson/core/jackson-annotations/2.9.0/jackson-annotations-2.9.0.jar:/home/banan/.m2/repository/com/fasterxml/jackson/core/jackson-databind/2.9.8/jackson-databind-2.9.8.jar:/home/banan/.m2/repository/com/fasterxml/jackson/core/jackson-core/2.9.8/jackson-core-2.9.8.jar:/home/banan/.m2/repository/org/springframework/boot/spring-boot-starter-data-redis/2.1.4.RELEASE/spring-boot-starter-data-redis-2.1.4.RELEASE.jar:/home/banan/.m2/repository/org/springframework/data/spring-data-redis/2.1.6.RELEASE/spring-data-redis-2.1.6.RELEASE.jar:/home/banan/.m2/repository/org/springframework/data/spring-data-keyvalue/2.1.6.RELEASE/spring-data-keyvalue-2.1.6.RELEASE.jar:/home/banan/.m2/repository/org/springframework/spring-oxm/5.1.6.RELEASE/spring-oxm-5.1.6.RELEASE.jar:/home/banan/.m2/repository/org/springframework/spring-context-support/5.1.6.RELEASE/spring-context-support-5.1.6.RELEASE.jar:/home/banan/.m2/repository/io/lettuce/lettuce-core/5.1.6.RELEASE/lettuce-core-5.1.6.RELEASE.jar:/home/banan/.m2/repository/io/projectreactor/reactor-core/3.2.8.RELEASE/reactor-core-3.2.8.RELEASE.jar:/home/banan/.m2/repository/org/reactivestreams/reactive-streams/1.0.2/reactive-streams-1.0.2.jar:/home/banan/.m2/repository/redis/clients/jedis/2.9.3/jedis-2.9.3.jar:/home/banan/.m2/repository/org/jboss/narayana/jta/narayana-jta/5.9.2.Final/narayana-jta-5.9.2.Final.jar:/home/banan/.m2/repository/org/jboss/jboss-transaction-spi/7.6.0.Final/jboss-transaction-spi-7.6.0.Final.jar:/home/banan/.m2/repository/org/jboss/spec/javax/resource/jboss-connector-api_1.7_spec/1.0.0.Final/jboss-connector-api_1.7_spec-1.0.0.Final.jar:/home/banan/.m2/repository/org/docx4j/docx4j/3.1.0/docx4j-3.1.0.jar:/home/banan/.m2/repository/org/plutext/jaxb-svg11/1.0.2/jaxb-svg11-1.0.2.jar:/home/banan/.m2/repository/org/plutext/jaxb-xslfo/1.0.1/jaxb-xslfo-1.0.1.jar:/home/banan/.m2/repository/org/plutext/jaxb-xmldsig-core/1.0.0/jaxb-xmldsig-core-1.0.0.jar:/home/banan/.m2/repository/net/engio/mbassador/1.1.10/mbassador-1.1.10.jar:/home/banan/.m2/repository/org/apache/xmlgraphics/xmlgraphics-commons/1.5/xmlgraphics-commons-1.5.jar:/home/banan/.m2/repository/org/apache/xmlgraphics/fop/1.1/fop-1.1.jar:/home/banan/.m2/repository/org/apache/xmlgraphics/batik-svg-dom/1.7/batik-svg-dom-1.7.jar:/home/banan/.m2/repository/org/apache/xmlgraphics/batik-anim/1.7/batik-anim-1.7.jar:/home/banan/.m2/repository/org/apache/xmlgraphics/batik-css/1.7/batik-css-1.7.jar:/home/banan/.m2/repository/org/apache/xmlgraphics/batik-dom/1.7/batik-dom-1.7.jar:/home/banan/.m2/repository/org/apache/xmlgraphics/batik-parser/1.7/batik-parser-1.7.jar:/home/banan/.m2/repository/org/apache/xmlgraphics/batik-util/1.7/batik-util-1.7.jar:/home/banan/.m2/repository/org/apache/xmlgraphics/batik-bridge/1.7/batik-bridge-1.7.jar:/home/banan/.m2/repository/org/apache/xmlgraphics/batik-script/1.7/batik-script-1.7.jar:/home/banan/.m2/repository/org/apache/xmlgraphics/batik-js/1.7/batik-js-1.7.jar:/home/banan/.m2/repository/org/apache/xmlgraphics/batik-xml/1.7/batik-xml-1.7.jar:/home/banan/.m2/repository/org/apache/xmlgraphics/batik-awt-util/1.7/batik-awt-util-1.7.jar:/home/banan/.m2/repository/org/apache/xmlgraphics/batik-gvt/1.7/batik-gvt-1.7.jar:/home/banan/.m2/repository/org/apache/xmlgraphics/batik-transcoder/1.7/batik-transcoder-1.7.jar:/home/banan/.m2/repository/org/apache/xmlgraphics/batik-svggen/1.7/batik-svggen-1.7.jar:/home/banan/.m2/repository/org/apache/xmlgraphics/batik-extension/1.7/batik-extension-1.7.jar:/home/banan/.m2/repository/org/apache/xmlgraphics/batik-ext/1.7/batik-ext-1.7.jar:/home/banan/.m2/repository/commons-logging/commons-logging/1.1.1/commons-logging-1.1.1.jar:/home/banan/.m2/repository/org/apache/avalon/framework/avalon-framework-api/4.3.1/avalon-framework-api-4.3.1.jar:/home/banan/.m2/repository/org/apache/avalon/framework/avalon-framework-impl/4.3.1/avalon-framework-impl-4.3.1.jar:/home/banan/.m2/repository/xalan/xalan/2.7.1/xalan-2.7.1.jar:/home/banan/.m2/repository/xalan/serializer/2.7.1/serializer-2.7.1.jar:/home/banan/.m2/repository/net/arnx/wmf2svg/0.9.0/wmf2svg-0.9.0.jar:/home/banan/.m2/repository/org/apache/poi/poi-scratchpad/3.8/poi-scratchpad-3.8.jar:/home/banan/.m2/repository/org/antlr/antlr-runtime/3.3/antlr-runtime-3.3.jar:/home/banan/.m2/repository/org/antlr/stringtemplate/3.2.1/stringtemplate-3.2.1.jar:/home/banan/.m2/repository/antlr/antlr/2.7.7/antlr-2.7.7.jar:/home/banan/.m2/repository/javax/xml/bind/jaxb-api/2.1/jaxb-api-2.1.jar:/home/banan/.m2/repository/javax/xml/stream/stax-api/1.0-2/stax-api-1.0-2.jar:/home/banan/.m2/repository/javax/activation/activation/1.1/activation-1.1.jar:/home/banan/.m2/repository/commons-fileupload/commons-fileupload/1.3.1/commons-fileupload-1.3.1.jar:/home/banan/.m2/repository/org/hibernate/hibernate-validator/5.3.1.Final/hibernate-validator-5.3.1.Final.jar:/home/banan/.m2/repository/javax/validation/validation-api/2.0.1.Final/validation-api-2.0.1.Final.jar:/home/banan/.m2/repository/org/jboss/logging/jboss-logging/3.3.2.Final/jboss-logging-3.3.2.Final.jar:/home/banan/.m2/repository/com/fasterxml/classmate/1.4.0/classmate-1.4.0.jar:/home/banan/.m2/repository/org/springframework/data/spring-data-jpa/2.1.9.RELEASE/spring-data-jpa-2.1.9.RELEASE.jar:/home/banan/.m2/repository/org/springframework/data/spring-data-commons/2.1.6.RELEASE/spring-data-commons-2.1.6.RELEASE.jar:/home/banan/.m2/repository/org/springframework/spring-orm/5.1.6.RELEASE/spring-orm-5.1.6.RELEASE.jar:/home/banan/.m2/repository/org/springframework/spring-jdbc/5.1.6.RELEASE/spring-jdbc-5.1.6.RELEASE.jar:/home/banan/.m2/repository/org/springframework/spring-aop/5.1.6.RELEASE/spring-aop-5.1.6.RELEASE.jar:/home/banan/.m2/repository/org/springframework/spring-beans/5.1.6.RELEASE/spring-beans-5.1.6.RELEASE.jar:/home/banan/.m2/repository/org/springframework/spring-core/5.1.6.RELEASE/spring-core-5.1.6.RELEASE.jar:/home/banan/.m2/repository/org/springframework/spring-jcl/5.1.6.RELEASE/spring-jcl-5.1.6.RELEASE.jar:/home/banan/.m2/repository/org/aspectj/aspectjrt/1.9.2/aspectjrt-1.9.2.jar:/home/banan/.m2/repository/io/dropwizard/metrics/metrics-jmx/4.0.2/metrics-jmx-4.0.2.jar:/home/banan/.m2/repository/io/dropwizard/metrics/metrics-core/4.0.5/metrics-core-4.0.5.jar:/home/banan/.m2/repository/org/projectlombok/lombok/1.18.6/lombok-1.18.6.jar:/home/banan/.m2/repository/org/springframework/boot/spring-boot-starter-test/2.1.4.RELEASE/spring-boot-starter-test-2.1.4.RELEASE.jar:/home/banan/.m2/repository/org/springframework/boot/spring-boot-test/2.1.4.RELEASE/spring-boot-test-2.1.4.RELEASE.jar:/home/banan/.m2/repository/org/springframework/boot/spring-boot-test-autoconfigure/2.1.4.RELEASE/spring-boot-test-autoconfigure-2.1.4.RELEASE.jar:/home/banan/.m2/repository/com/jayway/jsonpath/json-path/2.4.0/json-path-2.4.0.jar:/home/banan/.m2/repository/net/minidev/json-smart/2.3/json-smart-2.3.jar:/home/banan/.m2/repository/net/minidev/accessors-smart/1.2/accessors-smart-1.2.jar:/home/banan/.m2/repository/org/assertj/assertj-core/3.11.1/assertj-core-3.11.1.jar:/home/banan/.m2/repository/org/mockito/mockito-core/2.23.4/mockito-core-2.23.4.jar:/home/banan/.m2/repository/net/bytebuddy/byte-buddy/1.9.12/byte-buddy-1.9.12.jar:/home/banan/.m2/repository/net/bytebuddy/byte-buddy-agent/1.9.12/byte-buddy-agent-1.9.12.jar:/home/banan/.m2/repository/org/objenesis/objenesis/2.6/objenesis-2.6.jar:/home/banan/.m2/repository/org/skyscreamer/jsonassert/1.5.0/jsonassert-1.5.0.jar:/home/banan/.m2/repository/com/vaadin/external/google/android-json/0.0.20131108.vaadin1/android-json-0.0.20131108.vaadin1.jar:/home/banan/.m2/repository/org/xmlunit/xmlunit-core/2.6.2/xmlunit-core-2.6.2.jar:/home/banan/.m2/repository/org/springframework/boot/spring-boot-starter-security/2.1.4.RELEASE/spring-boot-starter-security-2.1.4.RELEASE.jar:/home/banan/.m2/repository/org/springframework/security/spring-security-config/5.1.5.RELEASE/spring-security-config-5.1.5.RELEASE.jar:/home/banan/.m2/repository/org/springframework/security/spring-security-core/5.1.5.RELEASE/spring-security-core-5.1.5.RELEASE.jar:/home/banan/.m2/repository/org/springframework/security/spring-security-web/5.1.5.RELEASE/spring-security-web-5.1.5.RELEASE.jar:"/>
    <property name="sun.cpu.endian" value="little"/>
    <property name="user.home" value="/home/banan"/>
    <property name="user.language" value="en"/>
    <property name="java.specification.vendor" value="Oracle Corporation"/>
    <property name="java.home" value="/usr/lib/jvm/java-8-openjdk/jre"/>
    <property name="basedir" value="/home/banan/eclipse-workspace/blog"/>
    <property name="file.separator" value="/"/>
    <property name="line.separator" value="&#10;"/>
    <property name="java.vm.specification.vendor" value="Oracle Corporation"/>
    <property name="java.specification.name" value="Java Platform API Specification"/>
    <property name="java.awt.graphicsenv" value="sun.awt.X11GraphicsEnvironment"/>
    <property name="surefire.real.class.path" value="/home/banan/eclipse-workspace/blog/target/surefire/surefirebooter8783808422804084276.jar"/>
    <property name="sun.boot.class.path" value="/usr/lib/jvm/java-8-openjdk/jre/lib/resources.jar:/usr/lib/jvm/java-8-openjdk/jre/lib/rt.jar:/usr/lib/jvm/java-8-openjdk/jre/lib/sunrsasign.jar:/usr/lib/jvm/java-8-openjdk/jre/lib/jsse.jar:/usr/lib/jvm/java-8-openjdk/jre/lib/jce.jar:/usr/lib/jvm/java-8-openjdk/jre/lib/charsets.jar:/usr/lib/jvm/java-8-openjdk/jre/lib/jfr.jar:/usr/lib/jvm/java-8-openjdk/jre/classes"/>
    <property name="sun.management.compiler" value="HotSpot 64-Bit Tiered Compilers"/>
    <property name="java.runtime.version" value="1.8.0_222-b05"/>
    <property name="user.name" value="banan"/>
    <property name="path.separator" value=":"/>
    <property name="os.version" value="4.19.56-1-lts"/>
    <property name="java.endorsed.dirs" value="/usr/lib/jvm/java-8-openjdk/jre/lib/endorsed"/>
    <property name="java.runtime.name" value="OpenJDK Runtime Environment"/>
    <property name="file.encoding" value="ANSI_X3.4-1968"/>
    <property name="java.vm.name" value="OpenJDK 64-Bit Server VM"/>
    <property name="localRepository" value="/home/banan/.m2/repository"/>
    <property name="java.vendor.url.bug" value="http://bugreport.sun.com/bugreport/"/>
    <property name="java.io.tmpdir" value="/tmp"/>
    <property name="java.version" value="1.8.0_222"/>
    <property name="user.dir" value="/home/banan/eclipse-workspace/blog"/>
    <property name="os.arch" value="amd64"/>
    <property name="java.vm.specification.name" value="Java Virtual Machine Specification"/>
    <property name="java.awt.printerjob" value="sun.print.PSPrinterJob"/>
    <property name="sun.os.patch.level" value="unknown"/>
    <property name="java.library.path" value="/usr/java/packages/lib/amd64:/usr/lib64:/lib64:/lib:/usr/lib"/>
    <property name="java.vm.info" value="mixed mode"/>
    <property name="java.vendor" value="Oracle Corporation"/>
    <property name="java.vm.version" value="25.222-b05"/>
    <property name="java.ext.dirs" value="/usr/lib/jvm/java-8-openjdk/jre/lib/ext:/usr/java/packages/lib/ext"/>
    <property name="sun.io.unicode.encoding" value="UnicodeLittle"/>
    <property name="java.class.version" value="52.0"/>
  </properties>
  <testcase name="whenSavingAndDeletingJoke_thenNotAvailableOnRetrieval" classname="com.web.blog.repository.JokesRepositoryIntegrationTest" time="7.841"/>
  <testcase name="whenUpdatingAndAfterDeleteJoke_thenAvailableOnRetrieval" classname="com.web.blog.repository.JokesRepositoryIntegrationTest" time="8.381">
    <failure message="Values should be different. Actual: 8ac8cd40-a801-11e9-9d44-6dcd06f4e71a" type="java.lang.AssertionError">java.lang.AssertionError: Values should be different. Actual: 8ac8cd40-a801-11e9-9d44-6dcd06f4e71a
	at com.web.blog.repository.JokesRepositoryIntegrationTest.whenUpdatingAndAfterDeleteJoke_thenAvailableOnRetrieval(JokesRepositoryIntegrationTest.java:114)
</failure>
  </testcase>
</testsuite>